0 info it worked if it ends with ok
1 verbose cli [ '/usr/local/bin/iojs',
1 verbose cli   '/Users/jscon/.npm-global/lib/node_modules/tnpm/node_modules/npm/bin/npm-cli.js',
1 verbose cli   '--cache=/Users/jscon/.tnpm',
1 verbose cli   '--tmp=/Users/jscon/.tnpm_tmp',
1 verbose cli   '--no-proxy',
1 verbose cli   '--disturl=https://tnpm-hz.oss-cn-hangzhou.aliyuncs.com/dist/node',
1 verbose cli   '--userconfig=/Users/jscon/.tnpmrc',
1 verbose cli   '--registry=http://registry.npm.alibaba-inc.com',
1 verbose cli   'run',
1 verbose cli   'test' ]
2 info using npm@3.10.10
3 info using node@v8.1.2
4 verbose run-script [ 'pretest', 'test', 'posttest' ]
5 info lifecycle vectorjs@0.0.1~pretest: vectorjs@0.0.1
6 verbose lifecycle vectorjs@0.0.1~pretest: unsafe-perm in lifecycle true
7 verbose lifecycle vectorjs@0.0.1~pretest: PATH: /Users/jscon/.npm-global/lib/node_modules/tnpm/node_modules/npm/bin/node-gyp-bin:/Users/jscon/Desktop/coding/github/vectorjs/node_modules/.bin:/usr/local/opt/sphinx-doc/bin:/Users/jscon/.npm-global/bin:/usr/local/bin:/usr/bin:/bin:/usr/sbin:/sbin
8 verbose lifecycle vectorjs@0.0.1~pretest: CWD: /Users/jscon/Desktop/coding/github/vectorjs
9 silly lifecycle vectorjs@0.0.1~pretest: Args: [ '-c', 'npm run build' ]
10 silly lifecycle vectorjs@0.0.1~pretest: Returned: code: 0  signal: null
11 info lifecycle vectorjs@0.0.1~test: vectorjs@0.0.1
12 verbose lifecycle vectorjs@0.0.1~test: unsafe-perm in lifecycle true
13 verbose lifecycle vectorjs@0.0.1~test: PATH: /Users/jscon/.npm-global/lib/node_modules/tnpm/node_modules/npm/bin/node-gyp-bin:/Users/jscon/Desktop/coding/github/vectorjs/node_modules/.bin:/usr/local/opt/sphinx-doc/bin:/Users/jscon/.npm-global/bin:/usr/local/bin:/usr/bin:/bin:/usr/sbin:/sbin
14 verbose lifecycle vectorjs@0.0.1~test: CWD: /Users/jscon/Desktop/coding/github/vectorjs
15 silly lifecycle vectorjs@0.0.1~test: Args: [ '-c', 'npx jest && npm run size' ]
16 silly lifecycle vectorjs@0.0.1~test: Returned: code: 1  signal: null
17 info lifecycle vectorjs@0.0.1~test: Failed to exec test script
18 verbose stack Error: vectorjs@0.0.1 test: `npx jest && npm run size`
18 verbose stack Exit status 1
18 verbose stack     at EventEmitter.<anonymous> (/Users/jscon/.npm-global/lib/node_modules/tnpm/node_modules/npm/lib/utils/lifecycle.js:255:16)
18 verbose stack     at emitTwo (events.js:125:13)
18 verbose stack     at EventEmitter.emit (events.js:213:7)
18 verbose stack     at ChildProcess.<anonymous> (/Users/jscon/.npm-global/lib/node_modules/tnpm/node_modules/npm/lib/utils/spawn.js:40:14)
18 verbose stack     at emitTwo (events.js:125:13)
18 verbose stack     at ChildProcess.emit (events.js:213:7)
18 verbose stack     at maybeClose (internal/child_process.js:897:16)
18 verbose stack     at Process.ChildProcess._handle.onexit (internal/child_process.js:208:5)
19 verbose pkgid vectorjs@0.0.1
20 verbose cwd /Users/jscon/Desktop/coding/github/vectorjs
21 error Darwin 17.6.0
22 error argv "/usr/local/bin/iojs" "/Users/jscon/.npm-global/lib/node_modules/tnpm/node_modules/npm/bin/npm-cli.js" "--cache=/Users/jscon/.tnpm" "--tmp=/Users/jscon/.tnpm_tmp" "--no-proxy" "--disturl=https://tnpm-hz.oss-cn-hangzhou.aliyuncs.com/dist/node" "--userconfig=/Users/jscon/.tnpmrc" "--registry=http://registry.npm.alibaba-inc.com" "run" "test"
23 error node v8.1.2
24 error npm  v3.10.10
25 error code ELIFECYCLE
26 error vectorjs@0.0.1 test: `npx jest && npm run size`
26 error Exit status 1
27 error Failed at the vectorjs@0.0.1 test script 'npx jest && npm run size'.
27 error Make sure you have the latest version of node.js and npm installed.
27 error If you do, this is most likely a problem with the vectorjs package,
27 error not with npm itself.
27 error Tell the author that this fails on your system:
27 error     npx jest && npm run size
27 error You can get information on how to open an issue for this project with:
27 error     npm bugs vectorjs
27 error Or if that isn't available, you can get their info via:
27 error     npm owner ls vectorjs
27 error There is likely additional logging output above.
28 verbose exit [ 1, true ]
